Removed Pin From Net: NetName=VDD Pin=R13-2
Removed Pin From Net: NetName=GND Pin=R15-1
Removed Pin From Net: NetName=NetR13_1 Pin=R15-2
Removed Pin From Net: NetName=VDD Pin=R16-2
Removed Pin From Net: NetName=GND Pin=R18-1
Removed Pin From Net: NetName=NetR16_1 Pin=R18-2
Removed Pin From Net: NetName=VDD Pin=R19-2
Removed Pin From Net: NetName=GND Pin=R21-1
Removed Pin From Net: NetName=NetR19_1 Pin=R21-2
Added Pin To Net: NetName=GND Pin=Q4-2
Added Pin To Net: NetName=GND Pin=Q5-2
Added Pin To Net: NetName=GND Pin=Q6-2
Added Pin To Net: NetName=GND Pin=R14-1
Added Pin To Net: NetName=NetR13_1 Pin=R15-1
Added Pin To Net: NetName=GND Pin=R17-1
Added Pin To Net: NetName=NetR16_1 Pin=R18-1
Added Pin To Net: NetName=GND Pin=R20-1
Added Pin To Net: NetName=NetR19_1 Pin=R21-1
Added Pin To Net: NetName=NetC2_2 Pin=C2-2
Added Pin To Net: NetName=NetC2_2 Pin=D1-2
Added Pin To Net: NetName=NetC2_2 Pin=R2-1
Added Net: Name=NetC2_2
Added Pin To Net: NetName=NetC3_2 Pin=C3-2
Added Pin To Net: NetName=NetC3_2 Pin=D2-2
Added Pin To Net: NetName=NetC3_2 Pin=R4-1
Added Net: Name=NetC3_2
Added Pin To Net: NetName=NetC4_2 Pin=C4-2
Added Pin To Net: NetName=NetC4_2 Pin=D3-2
Added Pin To Net: NetName=NetC4_2 Pin=R6-1
Added Net: Name=NetC4_2
Added Pin To Net: NetName=NetQ4_1 Pin=Q4-1
Added Pin To Net: NetName=NetQ4_1 Pin=R1-2
Added Net: Name=NetQ4_1
Added Pin To Net: NetName=NetQ4_3 Pin=Q4-3
Added Pin To Net: NetName=NetQ4_3 Pin=R2-2
Added Net: Name=NetQ4_3
Added Pin To Net: NetName=NetQ5_1 Pin=Q5-1
Added Pin To Net: NetName=NetQ5_1 Pin=R3-2
Added Net: Name=NetQ5_1
Added Pin To Net: NetName=NetQ5_3 Pin=Q5-3
Added Pin To Net: NetName=NetQ5_3 Pin=R4-2
Added Net: Name=NetQ5_3
Added Pin To Net: NetName=NetQ6_1 Pin=Q6-1
Added Pin To Net: NetName=NetQ6_1 Pin=R5-2
Added Net: Name=NetQ6_1
Added Pin To Net: NetName=NetQ6_3 Pin=Q6-3
Added Pin To Net: NetName=NetQ6_3 Pin=R6-2
Added Net: Name=NetQ6_3
Added Pin To Net: NetName=SENSE-X Pin=R15-2
Added Pin To Net: NetName=SENSE-X Pin=R18-2
Added Pin To Net: NetName=SENSE-X Pin=R21-2
Added Pin To Net: NetName=SENSE-X Pin=U1-10
Added Net: Name=SENSE-X
