Change Component Comment : Designator=C5 Old Comment=5uF New Comment=10uF
Change Component Comment : Designator=C7 Old Comment=5uF New Comment=10uF
Added Component: Designator=C11(C0603(1608))
Add component. Clean all parameters for all variants
Added Component: Designator=C12(C1206(3216))
Add component. Clean all parameters for all variants
Added Component: Designator=C13(C0603(1608))
Add component. Clean all parameters for all variants
Added Pin To Net: NetName=GND Pin=C11-1
Added Pin To Net: NetName=GND Pin=C12-1
Added Pin To Net: NetName=GND Pin=C13-1
Added Pin To Net: NetName=GND Pin=Q3-2
Added Pin To Net: NetName=GND Pin=Q3-2
Added Pin To Net: NetName=NetC11_2 Pin=C11-2
Added Pin To Net: NetName=NetC11_2 Pin=Q3-1
Added Net: Name=NetC11_2
Added Pin To Net: NetName=NetC12_2 Pin=C12-2
Added Pin To Net: NetName=NetC12_2 Pin=C13-2
Added Pin To Net: NetName=NetC12_2 Pin=Q3-3
Added Net: Name=NetC12_2
Added Member To Class: ClassName=ESC_30A Member=Component C11 100nF
Added Member To Class: ClassName=ESC_30A Member=Component C12 10uF
Added Member To Class: ClassName=ESC_30A Member=Component C13 100nF
