Added Component: Designator=D?(DIOMELF3515N)
Add component. Clean all parameters for all variants
Add component (AddParameter): Name = "ComponentLink1Description"; Value = "05 / 4/24/2017 12:00:00 AM"; VariantName = "[No Variations]"
Add component (AddParameter): Name = "ComponentLink1URL"; Value = "\\vb2b01v\dokuman\TPM-ARGE\AR-GE\AR-GE Tek.Özellikler\Revizyon Kartý\EA-0061.xls"; VariantName = "[No Variations]"
Add component (AddParameter): Name = "ComponentLink2Description"; Value = "EA-0061"; VariantName = "[No Variations]"
Add component (AddParameter): Name = "ComponentLink2URL"; Value = "\\vb2b01v\dokuman\TPM-ARGE\AR-GE\AR-GE Tek.Özellikler Formu_pdf\EA-0061.pdf"; VariantName = "[No Variations]"
Add component (AddParameter): Name = "ComponentLink3Description"; Value = "LL4148"; VariantName = "[No Variations]"
Add component (AddParameter): Name = "ComponentLink3URL"; Value = "\\vb2b01v\TPM-ARGE\AR-GE\DATA SHEET\266205_DIODE_FAIRCHILD_LL4148_pdf.pdf"; VariantName = "[No Variations]"
Add component (AddParameter): Name = "ComponentLink4Description"; Value = "PMLL4148L"; VariantName = "[No Variations]"
Add component (AddParameter): Name = "DepoStok"; Value = "160000.00000"; VariantName = "[No Variations]"
Add component (AddParameter): Name = "EK1"; Value = "100V"; VariantName = "[No Variations]"
Add component (AddParameter): Name = "EK2"; Value = "200mA"; VariantName = "[No Variations]"
Add component (AddParameter): Name = "EK3"; Value = "1V"; VariantName = "[No Variations]"
Add component (AddParameter): Name = "EK4"; Value = "4ns"; VariantName = "[No Variations]"
Add component (AddParameter): Name = "Kilif"; Value = "SOD_80"; VariantName = "[No Variations]"
Add component (AddParameter): Name = "Marka_1"; Value = "FAIRCHILD"; VariantName = "[No Variations]"
Add component (AddParameter): Name = "Marka_2"; Value = "NXP"; VariantName = "[No Variations]"
Add component (AddParameter): Name = "Max_Fiyat"; Value = "0.040"; VariantName = "[No Variations]"
Add component (AddParameter): Name = "Min_Fiyat"; Value = "0.020"; VariantName = "[No Variations]"
Add component (AddParameter): Name = "ModelNo_1"; Value = "LL4148"; VariantName = "[No Variations]"
Add component (AddParameter): Name = "ModelNo_2"; Value = "PMLL4148L"; VariantName = "[No Variations]"
Add component (AddParameter): Name = "Montaj"; Value = "SMD"; VariantName = "[No Variations]"
Add component (AddParameter): Name = "Ongoru_Fiyat"; Value = "0.020"; VariantName = "[No Variations]"
Add component (AddParameter): Name = "Ort_Fiyat"; Value = "0.029"; VariantName = "[No Variations]"
Add component (AddParameter): Name = "Sinif"; Value = "DIODE"; VariantName = "[No Variations]"
Add component (AddParameter): Name = "Stok Kodu"; Value = "266205"; VariantName = "[No Variations]"
Add component (AddParameter): Name = "Tipi"; Value = "FAST"; VariantName = "[No Variations]"
Add component (AddParameter): Name = "Value"; Value = "1N4148"; VariantName = "[No Variations]"
Added Member To Class: ClassName=ESC_30A Member=Component D? 1N4148
