Added Component: Designator=P1(SWD-PAD_6)
Add component. Clean all parameters for all variants
Add component (AddParameter): Name = "LatestRevisionDate"; Value = "17-Jul-2002"; VariantName = "[No Variations]"
Add component (AddParameter): Name = "LatestRevisionNote"; Value = "Re-released for DXP Platform."; VariantName = "[No Variations]"
Add component (AddParameter): Name = "Publisher"; Value = "Altium Limited"; VariantName = "[No Variations]"
Added Component: Designator=P2(SWD-PAD_3)
Add component. Clean all parameters for all variants
Add component (AddParameter): Name = "LatestRevisionDate"; Value = "17-Jul-2002"; VariantName = "[No Variations]"
Add component (AddParameter): Name = "LatestRevisionNote"; Value = "Re-released for DXP Platform."; VariantName = "[No Variations]"
Add component (AddParameter): Name = "Publisher"; Value = "Altium Limited"; VariantName = "[No Variations]"
Added Component: Designator=Q4(SOT23-A)
Add component. Clean all parameters for all variants
Add component (AddParameter): Name = "ComponentLink4Description"; Value = "BC817-40"; VariantName = "[No Variations]"
Add component (AddParameter): Name = "ComponentLink5Description"; Value = "BC817-40LT1G"; VariantName = "[No Variations]"
Add component (AddParameter): Name = "DepoStok"; Value = "48430.00000"; VariantName = "[No Variations]"
Add component (AddParameter): Name = "EK1"; Value = "45V"; VariantName = "[No Variations]"
Add component (AddParameter): Name = "EK2"; Value = "500mA"; VariantName = "[No Variations]"
Add component (AddParameter): Name = "Kilif"; Value = "SOT-23"; VariantName = "[No Variations]"
Add component (AddParameter): Name = "Marka_1"; Value = "PHILIPS"; VariantName = "[No Variations]"
Add component (AddParameter): Name = "Marka_2"; Value = "NXP"; VariantName = "[No Variations]"
Add component (AddParameter): Name = "Marka_3"; Value = "On-Semiconductor"; VariantName = "[No Variations]"
Add component (AddParameter): Name = "Max_Fiyat"; Value = "0.100"; VariantName = "[No Variations]"
Add component (AddParameter): Name = "Min_Fiyat"; Value = "0.029"; VariantName = "[No Variations]"
Add component (AddParameter): Name = "ModelNo_1"; Value = "BC817-40"; VariantName = "[No Variations]"
Add component (AddParameter): Name = "ModelNo_2"; Value = "BC817-40"; VariantName = "[No Variations]"
Add component (AddParameter): Name = "ModelNo_3"; Value = "BC817-40LT1G"; VariantName = "[No Variations]"
Add component (AddParameter): Name = "Montaj"; Value = "SMD"; VariantName = "[No Variations]"
Add component (AddParameter): Name = "Ongoru_Fiyat"; Value = "0.032"; VariantName = "[No Variations]"
Add component (AddParameter): Name = "Ort_Fiyat"; Value = "0.052"; VariantName = "[No Variations]"
Add component (AddParameter): Name = "Sinif"; Value = "TRANS"; VariantName = "[No Variations]"
Add component (AddParameter): Name = "Stok Kodu"; Value = "265402"; VariantName = "[No Variations]"
Add component (AddParameter): Name = "Tipi"; Value = "NPN"; VariantName = "[No Variations]"
Add component (AddParameter): Name = "Value"; Value = "BC817"; VariantName = "[No Variations]"
Added Component: Designator=Q5(SOT23-A)
Add component. Clean all parameters for all variants
Add component (AddParameter): Name = "ComponentLink4Description"; Value = "BC817-40"; VariantName = "[No Variations]"
Add component (AddParameter): Name = "ComponentLink5Description"; Value = "BC817-40LT1G"; VariantName = "[No Variations]"
Add component (AddParameter): Name = "DepoStok"; Value = "48430.00000"; VariantName = "[No Variations]"
Add component (AddParameter): Name = "EK1"; Value = "45V"; VariantName = "[No Variations]"
Add component (AddParameter): Name = "EK2"; Value = "500mA"; VariantName = "[No Variations]"
Add component (AddParameter): Name = "Kilif"; Value = "SOT-23"; VariantName = "[No Variations]"
Add component (AddParameter): Name = "Marka_1"; Value = "PHILIPS"; VariantName = "[No Variations]"
Add component (AddParameter): Name = "Marka_2"; Value = "NXP"; VariantName = "[No Variations]"
Add component (AddParameter): Name = "Marka_3"; Value = "On-Semiconductor"; VariantName = "[No Variations]"
Add component (AddParameter): Name = "Max_Fiyat"; Value = "0.100"; VariantName = "[No Variations]"
Add component (AddParameter): Name = "Min_Fiyat"; Value = "0.029"; VariantName = "[No Variations]"
Add component (AddParameter): Name = "ModelNo_1"; Value = "BC817-40"; VariantName = "[No Variations]"
Add component (AddParameter): Name = "ModelNo_2"; Value = "BC817-40"; VariantName = "[No Variations]"
Add component (AddParameter): Name = "ModelNo_3"; Value = "BC817-40LT1G"; VariantName = "[No Variations]"
Add component (AddParameter): Name = "Montaj"; Value = "SMD"; VariantName = "[No Variations]"
Add component (AddParameter): Name = "Ongoru_Fiyat"; Value = "0.032"; VariantName = "[No Variations]"
Add component (AddParameter): Name = "Ort_Fiyat"; Value = "0.052"; VariantName = "[No Variations]"
Add component (AddParameter): Name = "Sinif"; Value = "TRANS"; VariantName = "[No Variations]"
Add component (AddParameter): Name = "Stok Kodu"; Value = "265402"; VariantName = "[No Variations]"
Add component (AddParameter): Name = "Tipi"; Value = "NPN"; VariantName = "[No Variations]"
Add component (AddParameter): Name = "Value"; Value = "BC817"; VariantName = "[No Variations]"
Added Component: Designator=Q6(SOT23-A)
Add component. Clean all parameters for all variants
Add component (AddParameter): Name = "ComponentLink4Description"; Value = "BC817-40"; VariantName = "[No Variations]"
Add component (AddParameter): Name = "ComponentLink5Description"; Value = "BC817-40LT1G"; VariantName = "[No Variations]"
Add component (AddParameter): Name = "DepoStok"; Value = "48430.00000"; VariantName = "[No Variations]"
Add component (AddParameter): Name = "EK1"; Value = "45V"; VariantName = "[No Variations]"
Add component (AddParameter): Name = "EK2"; Value = "500mA"; VariantName = "[No Variations]"
Add component (AddParameter): Name = "Kilif"; Value = "SOT-23"; VariantName = "[No Variations]"
Add component (AddParameter): Name = "Marka_1"; Value = "PHILIPS"; VariantName = "[No Variations]"
Add component (AddParameter): Name = "Marka_2"; Value = "NXP"; VariantName = "[No Variations]"
Add component (AddParameter): Name = "Marka_3"; Value = "On-Semiconductor"; VariantName = "[No Variations]"
Add component (AddParameter): Name = "Max_Fiyat"; Value = "0.100"; VariantName = "[No Variations]"
Add component (AddParameter): Name = "Min_Fiyat"; Value = "0.029"; VariantName = "[No Variations]"
Add component (AddParameter): Name = "ModelNo_1"; Value = "BC817-40"; VariantName = "[No Variations]"
Add component (AddParameter): Name = "ModelNo_2"; Value = "BC817-40"; VariantName = "[No Variations]"
Add component (AddParameter): Name = "ModelNo_3"; Value = "BC817-40LT1G"; VariantName = "[No Variations]"
Add component (AddParameter): Name = "Montaj"; Value = "SMD"; VariantName = "[No Variations]"
Add component (AddParameter): Name = "Ongoru_Fiyat"; Value = "0.032"; VariantName = "[No Variations]"
Add component (AddParameter): Name = "Ort_Fiyat"; Value = "0.052"; VariantName = "[No Variations]"
Add component (AddParameter): Name = "Sinif"; Value = "TRANS"; VariantName = "[No Variations]"
Add component (AddParameter): Name = "Stok Kodu"; Value = "265402"; VariantName = "[No Variations]"
Add component (AddParameter): Name = "Tipi"; Value = "NPN"; VariantName = "[No Variations]"
Add component (AddParameter): Name = "Value"; Value = "BC817"; VariantName = "[No Variations]"
Added Member To Class: ClassName=ESC_30A Member=Component P1 Header 6
Added Member To Class: ClassName=ESC_30A Member=Component P2 CONTROL
Added Member To Class: ClassName=ESC_30A Member=Component Q4 MMBT3904L
Added Member To Class: ClassName=ESC_30A Member=Component Q5 MMBT3904L
Added Member To Class: ClassName=ESC_30A Member=Component Q6 MMBT3904L
