Added Component: Designator=C15(C0603(1608))
Add component. Clean all parameters for all variants
Added Component: Designator=R29(R0603(1608))
Add component. Clean all parameters for all variants
Added Component: Designator=R30(R0603(1608))
Add component. Clean all parameters for all variants
Added Component: Designator=R31(R0603(1608))
Add component. Clean all parameters for all variants
Added Component: Designator=RT1(R0805(2012))
Add component. Clean all parameters for all variants
Add component (AddParameter): Name = "Code_IPC"; Value = "RESC2012"; VariantName = "[No Variations]"
Add component (AddParameter): Name = "LatestRevisionDate"; Value = "29-May-2009"; VariantName = "[No Variations]"
Add component (AddParameter): Name = "LatestRevisionNote"; Value = "IPC-7351 Footprint Added."; VariantName = "[No Variations]"
Add component (AddParameter): Name = "PackageDescription"; Value = "Chip Resistor 0805 Case Size"; VariantName = "[No Variations]"
Add component (AddParameter): Name = "PackageReference"; Value = "6-0805"; VariantName = "[No Variations]"
Add component (AddParameter): Name = "PackageVersion"; Value = "Mar-2003"; VariantName = "[No Variations]"
Add component (AddParameter): Name = "Published"; Value = "24-Mar-1999"; VariantName = "[No Variations]"
Add component (AddParameter): Name = "Publisher"; Value = "Altium Limited"; VariantName = "[No Variations]"
Added Pin To Net: NetName=GND Pin=C15-1
Added Pin To Net: NetName=VDD Pin=C15-2
Added Pin To Net: NetName=GND Pin=R25-2
Added Pin To Net: NetName=GND Pin=R26-2
Added Pin To Net: NetName=VDD Pin=R27-2
Added Pin To Net: NetName=5V Pin=R29-2
Added Pin To Net: NetName=5V Pin=R30-2
Added Pin To Net: NetName=GND Pin=R31-2
Added Pin To Net: NetName=GND Pin=RT1-2
Change Net Name : Old Net Name=+5V New Net Name=EXT_+5V
Change Net Name : Old Net Name=5V New Net Name=+5V
Change Net Name : Old Net Name=VDD New Net Name=VBAT
Added Pin To Net: NetName=ADC1 Pin=R29-1
Added Pin To Net: NetName=ADC1 Pin=RT1-1
Added Pin To Net: NetName=ADC1 Pin=U1-24
Added Net: Name=ADC1
Added Pin To Net: NetName=NetR30_1 Pin=R30-1
Added Pin To Net: NetName=NetR30_1 Pin=U1-29
Added Net: Name=NetR30_1
Added Member To Class: ClassName=ESC_30A Member=Component C15 100nF
Added Member To Class: ClassName=ESC_30A Member=Component R29 820R
Added Member To Class: ClassName=ESC_30A Member=Component R30 10K
Added Member To Class: ClassName=ESC_30A Member=Component R31 10K
Added Member To Class: ClassName=ESC_30A Member=Component RT1 NTC
